[2025-07-09T11:09:03.289Z] error: uncaughtException: morgan is not defined
ReferenceError: morgan is not defined
    at file:///C:/Users/HP/Documents/Web%20Course/Practical/task01/index.js:33:5
    at ModuleJob.run (node:internal/modules/esm/module_job:329:25)
    at async onImport.tracePromise.__proto__ (node:internal/modules/esm/loader:644:26)
    at async asyncRunEntryPointWithESMLoader (node:internal/modules/run_main:117:5)
[2025-07-09T15:49:45.429Z] error: uncaughtException: deleteUser is not defined
ReferenceError: deleteUser is not defined
    at file:///C:/Users/HP/Documents/Web%20Course/Practical/Week08-03/backend/routes/userRoute.js:19:23
    at ModuleJob.run (node:internal/modules/esm/module_job:329:25)
    at async onImport.tracePromise.__proto__ (node:internal/modules/esm/loader:644:26)
    at async asyncRunEntryPointWithESMLoader (node:internal/modules/run_main:117:5)
[2025-07-14T15:48:44.793Z] error: uncaughtException: redisClient is not a function
TypeError: redisClient is not a function
    at file:///C:/Users/HP/Documents/Web%20Course/Practical/Week08-03/backend/index.js:33:1
    at process.processTicksAndRejections (node:internal/process/task_queues:105:5)
[2025-07-14T15:50:26.923Z] error: uncaughtException: Socket already opened
Error: Socket already opened
    at RedisSocket.connect (C:\Users\HP\Documents\Web Course\Practical\Week08-03\backend\node_modules\@redis\client\dist\lib\client\socket.js:142:19)
    at Class.connect (C:\Users\HP\Documents\Web Course\Practical\Week08-03\backend\node_modules\@redis\client\dist\lib\client\index.js:477:34)
    at file:///C:/Users/HP/Documents/Web%20Course/Practical/Week08-03/backend/index.js:33:19
    at process.processTicksAndRejections (node:internal/process/task_queues:105:5)
